Estado 157 conflictos: 1 desplazamiento/reducción


Gramática

    0 $accept: Programa $end

    1 Programa: Cabecera_programa bloque

    2 $@1: %empty

    3 bloque: Inicio_de_bloque $@1 Declar_de_variables_locales Declar_de_subprogs Sentencias Fin_de_bloque

    4 Declar_de_variables_locales: Marca_ini_declar_variables Variables_locales Marca_fin_declar_variables
    5                            | %empty

    6 Marca_ini_declar_variables: INICIOVARS

    7 Marca_fin_declar_variables: FINVARS PUNTOCOMA

    8 Declar_de_subprogs: Declar_de_subprogs Declar_subprog
    9                   | %empty

   10 Declar_subprog: Cabecera_subprograma bloque

   11 Cabecera_programa: PROCED MAIN ABRIRPARENT CERRARPARENT

   12 $@2: %empty

   13 Cabecera_subprograma: PROCED IDENTIFICADOR $@2 ABRIRPARENT parametros CERRARPARENT
   14                     | PROCED error_subprog

   15 error_subprog: error

   16 parametros: parametro
   17           | parametros COMA parametro
   18           | %empty

   19 parametro: tipo IDENTIFICADOR

   20 Inicio_de_bloque: ABRIRLLAVES

   21 Fin_de_bloque: CERRARLLAVES

   22 Variables_locales: Variables_locales Cuerpo_declar_variables
   23                  | Cuerpo_declar_variables

   24 Cuerpo_declar_variables: tipo Identificadores PUNTOCOMA
   25                        | error_decl_variables

   26 error_decl_variables: error

   27 Identificadores: IDENTIFICADOR
   28                | Identificadores COMA IDENTIFICADOR

   29 tipo: TIPO
   30     | tipo_lista

   31 tipo_lista: DEFLIST TIPO

   32 Sentencias: Sentencias Sentencia
   33           | Sentencia

   34 Sentencia: bloque
   35          | sentencia_asignacion
   36          | sentencia_if
   37          | sentencia_while
   38          | sentencia_entrada
   39          | sentencia_salida
   40          | llamada_proced
   41          | sentencia_for

   42 sentencia_asignacion: IDENTIFICADOR ASIG expresion PUNTOCOMA

   43 sentencia_if: CONDSI ABRIRPARENT expresion CERRARPARENT Sentencia
   44             | CONDSI ABRIRPARENT expresion CERRARPARENT Sentencia CONDSINO Sentencia

   45 sentencia_while: CONDMIENTRAS ABRIRPARENT expresion CERRARPARENT Sentencia

   46 sentencia_entrada: LEE Identificadores PUNTOCOMA

   47 sentencia_salida: ESCRIBE lista_expresiones_o_cadena PUNTOCOMA

   48 expcad: expresion
   49       | T_CADENA

   50 lista_expresiones_o_cadena: expcad
   51                           | lista_expresiones_o_cadena COMA expcad

   52 $@3: %empty

   53 llamada_proced: IDENTIFICADOR $@3 ABRIRPARENT lista_expresiones CERRARPARENT PUNTOCOMA

   54 sentencia_for: DURANTE IDENTIFICADOR DOSPUNTOSIGUAL expresion HASTA expresion HACER Sentencia

   55 expresion: ABRIRPARENT expresion CERRARPARENT
   56          | MASMENOS expresion
   57          | UNARIOSLISTA expresion
   58          | MASMAS expresion
   59          | MENOSMENOS expresion
   60          | EXCLAMACION expresion
   61          | expresion AVANRETRO
   62          | expresion MULMUL expresion
   63          | expresion MULTIDIV expresion
   64          | expresion LOGAND expresion
   65          | expresion EXOR expresion
   66          | expresion ORBIT expresion
   67          | expresion LOGOR expresion
   68          | expresion REL expresion
   69          | expresion IGUALDAD expresion
   70          | expresion PORCENTAJE expresion
   71          | expresion ANDBIT expresion
   72          | expresion MASMENOS expresion
   73          | expresion MASMAS expresion ARROBA expresion
   74          | IDENTIFICADOR
   75          | T_REAL
   76          | T_ENTERO
   77          | T_CARACTER
   78          | VERDFALS
   79          | lista
   80          | error_expresion

   81 error_expresion: error

   82 lista_expresiones: lista_expresiones COMA expresion
   83                  | expresion
   84                  | %empty

   85 lista: lista_enteros
   86      | lista_reales
   87      | lista_booleanos
   88      | lista_caracteres

   89 lista_enteros: ABRIRCORCH Enteros CERRARCORCH

   90 Enteros: T_ENTERO
   91        | Enteros COMA T_ENTERO

   92 lista_reales: ABRIRCORCH Reales CERRARCORCH

   93 Reales: T_REAL
   94       | Reales COMA T_REAL

   95 lista_booleanos: ABRIRCORCH Booleanos CERRARCORCH

   96 Booleanos: VERDFALS
   97          | Booleanos COMA VERDFALS

   98 lista_caracteres: ABRIRCORCH Caracteres CERRARCORCH

   99 Caracteres: T_CARACTER
  100           | Caracteres COMA T_CARACTER


Terminales con las reglas donde aparecen

$end (0) 0
error (256) 15 26 81
INICIOVARS (258) 6
FINVARS (259) 7
PUNTOCOMA (260) 7 24 42 46 47 53
MAIN (261) 11
PROCED (262) 11 13 14
ABRIRCORCH (263) 89 92 95 98
CERRARCORCH (264) 89 92 95 98
ABRIRPARENT (265) 11 13 43 44 45 53 55
CERRARPARENT (266) 11 13 43 44 45 53 55
ABRIRLLAVES (267) 20
CERRARLLAVES (268) 21
DEFLIST (269) 31
ASIG (270) 42
CONDSI (271) 43 44
CONDMIENTRAS (272) 45
CONDSINO (273) 44
LEE (274) 46
ESCRIBE (275) 47
COMA (276) 17 28 51 82 91 94 97 100
MASMAS (277) 58 73
MASMENOS (278) 56 72
DURANTE (279) 54
DOSPUNTOSIGUAL (280) 54
HASTA (281) 54
HACER (282) 54
TIPO (283) 29 31
VERDFALS (284) 78 96 97
T_CARACTER (285) 77 99 100
T_CADENA (286) 49
IDENTIFICADOR (287) 13 19 27 28 42 53 54 74
T_ENTERO (288) 76 90 91
T_REAL (289) 75 93 94
LOGOR (290) 67
LOGAND (291) 64
ORBIT (292) 66
EXOR (293) 65
ANDBIT (294) 71
IGUALDAD (295) 69
REL (296) 68
MULTIDIV (297) 63
PORCENTAJE (298) 70
UNARIOSLISTA (299) 57
EXCLAMACION (300) 60
MENOSMENOS (301) 59
MULMUL (302) 62
AVANRETRO (303) 61
ARROBA (304) 73


No terminales con las reglas donde aparecen

$accept (50)
    en la izquierda: 0
Programa (51)
    en la izquierda: 1, en la derecha: 0
bloque (52)
    en la izquierda: 3, en la derecha: 1 10 34
$@1 (53)
    en la izquierda: 2, en la derecha: 3
Declar_de_variables_locales (54)
    en la izquierda: 4 5, en la derecha: 3
Marca_ini_declar_variables (55)
    en la izquierda: 6, en la derecha: 4
Marca_fin_declar_variables (56)
    en la izquierda: 7, en la derecha: 4
Declar_de_subprogs (57)
    en la izquierda: 8 9, en la derecha: 3 8
Declar_subprog (58)
    en la izquierda: 10, en la derecha: 8
Cabecera_programa (59)
    en la izquierda: 11, en la derecha: 1
Cabecera_subprograma (60)
    en la izquierda: 13 14, en la derecha: 10
$@2 (61)
    en la izquierda: 12, en la derecha: 13
error_subprog (62)
    en la izquierda: 15, en la derecha: 14
parametros (63)
    en la izquierda: 16 17 18, en la derecha: 13 17
parametro (64)
    en la izquierda: 19, en la derecha: 16 17
Inicio_de_bloque (65)
    en la izquierda: 20, en la derecha: 3
Fin_de_bloque (66)
    en la izquierda: 21, en la derecha: 3
Variables_locales (67)
    en la izquierda: 22 23, en la derecha: 4 22
Cuerpo_declar_variables (68)
    en la izquierda: 24 25, en la derecha: 22 23
error_decl_variables (69)
    en la izquierda: 26, en la derecha: 25
Identificadores (70)
    en la izquierda: 27 28, en la derecha: 24 28 46
tipo (71)
    en la izquierda: 29 30, en la derecha: 19 24
tipo_lista (72)
    en la izquierda: 31, en la derecha: 30
Sentencias (73)
    en la izquierda: 32 33, en la derecha: 3 32
Sentencia (74)
    en la izquierda: 34 35 36 37 38 39 40 41, en la derecha: 32 33
    43 44 45 54
sentencia_asignacion (75)
    en la izquierda: 42, en la derecha: 35
sentencia_if (76)
    en la izquierda: 43 44, en la derecha: 36
sentencia_while (77)
    en la izquierda: 45, en la derecha: 37
sentencia_entrada (78)
    en la izquierda: 46, en la derecha: 38
sentencia_salida (79)
    en la izquierda: 47, en la derecha: 39
expcad (80)
    en la izquierda: 48 49, en la derecha: 50 51
lista_expresiones_o_cadena (81)
    en la izquierda: 50 51, en la derecha: 47 51
llamada_proced (82)
    en la izquierda: 53, en la derecha: 40
$@3 (83)
    en la izquierda: 52, en la derecha: 53
sentencia_for (84)
    en la izquierda: 54, en la derecha: 41
expresion (85)
    en la izquierda: 55 56 57 58 59 60 61 62 63 64 65 66 67 68 69 70
    71 72 73 74 75 76 77 78 79 80, en la derecha: 42 43 44 45 48 54
    55 56 57 58 59 60 61 62 63 64 65 66 67 68 69 70 71 72 73 82 83
error_expresion (86)
    en la izquierda: 81, en la derecha: 80
lista_expresiones (87)
    en la izquierda: 82 83 84, en la derecha: 53 82
lista (88)
    en la izquierda: 85 86 87 88, en la derecha: 79
lista_enteros (89)
    en la izquierda: 89, en la derecha: 85
Enteros (90)
    en la izquierda: 90 91, en la derecha: 89 91
lista_reales (91)
    en la izquierda: 92, en la derecha: 86
Reales (92)
    en la izquierda: 93 94, en la derecha: 92 94
lista_booleanos (93)
    en la izquierda: 95, en la derecha: 87
Booleanos (94)
    en la izquierda: 96 97, en la derecha: 95 97
lista_caracteres (95)
    en la izquierda: 98, en la derecha: 88
Caracteres (96)
    en la izquierda: 99 100, en la derecha: 98 100


Estado 0

    0 $accept: . Programa $end

    PROCED  desplazar e ir al estado 1

    Programa           ir al estado 2
    Cabecera_programa  ir al estado 3


Estado 1

   11 Cabecera_programa: PROCED . MAIN ABRIRPARENT CERRARPARENT

    MAIN  desplazar e ir al estado 4


Estado 2

    0 $accept: Programa . $end

    $end  desplazar e ir al estado 5


Estado 3

    1 Programa: Cabecera_programa . bloque

    ABRIRLLAVES  desplazar e ir al estado 6

    bloque            ir al estado 7
    Inicio_de_bloque  ir al estado 8


Estado 4

   11 Cabecera_programa: PROCED MAIN . ABRIRPARENT CERRARPARENT

    ABRIRPARENT  desplazar e ir al estado 9


Estado 5

    0 $accept: Programa $end .

    $default  aceptar


Estado 6

   20 Inicio_de_bloque: ABRIRLLAVES .

    $default  reduce usando la regla 20 (Inicio_de_bloque)


Estado 7

    1 Programa: Cabecera_programa bloque .

    $default  reduce usando la regla 1 (Programa)


Estado 8

    3 bloque: Inicio_de_bloque . $@1 Declar_de_variables_locales Declar_de_subprogs Sentencias Fin_de_bloque

    $default  reduce usando la regla 2 ($@1)

    $@1  ir al estado 10


Estado 9

   11 Cabecera_programa: PROCED MAIN ABRIRPARENT . CERRARPARENT

    CERRARPARENT  desplazar e ir al estado 11


Estado 10

    3 bloque: Inicio_de_bloque $@1 . Declar_de_variables_locales Declar_de_subprogs Sentencias Fin_de_bloque

    INICIOVARS  desplazar e ir al estado 12

    $default  reduce usando la regla 5 (Declar_de_variables_locales)

    Declar_de_variables_locales  ir al estado 13
    Marca_ini_declar_variables   ir al estado 14


Estado 11

   11 Cabecera_programa: PROCED MAIN ABRIRPARENT CERRARPARENT .

    $default  reduce usando la regla 11 (Cabecera_programa)


Estado 12

    6 Marca_ini_declar_variables: INICIOVARS .

    $default  reduce usando la regla 6 (Marca_ini_declar_variables)


Estado 13

    3 bloque: Inicio_de_bloque $@1 Declar_de_variables_locales . Declar_de_subprogs Sentencias Fin_de_bloque

    $default  reduce usando la regla 9 (Declar_de_subprogs)

    Declar_de_subprogs  ir al estado 15


Estado 14

    4 Declar_de_variables_locales: Marca_ini_declar_variables . Variables_locales Marca_fin_declar_variables

    error    desplazar e ir al estado 16
    DEFLIST  desplazar e ir al estado 17
    TIPO     desplazar e ir al estado 18

    Variables_locales        ir al estado 19
    Cuerpo_declar_variables  ir al estado 20
    error_decl_variables     ir al estado 21
    tipo                     ir al estado 22
    tipo_lista               ir al estado 23


Estado 15

    3 bloque: Inicio_de_bloque $@1 Declar_de_variables_locales Declar_de_subprogs . Sentencias Fin_de_bloque
    8 Declar_de_subprogs: Declar_de_subprogs . Declar_subprog

    PROCED         desplazar e ir al estado 24
    ABRIRLLAVES    desplazar e ir al estado 6
    CONDSI         desplazar e ir al estado 25
    CONDMIENTRAS   desplazar e ir al estado 26
    LEE            desplazar e ir al estado 27
    ESCRIBE        desplazar e ir al estado 28
    DURANTE        desplazar e ir al estado 29
    IDENTIFICADOR  desplazar e ir al estado 30

    bloque                ir al estado 31
    Declar_subprog        ir al estado 32
    Cabecera_subprograma  ir al estado 33
    Inicio_de_bloque      ir al estado 8
    Sentencias            ir al estado 34
    Sentencia             ir al estado 35
    sentencia_asignacion  ir al estado 36
    sentencia_if          ir al estado 37
    sentencia_while       ir al estado 38
    sentencia_entrada     ir al estado 39
    sentencia_salida      ir al estado 40
    llamada_proced        ir al estado 41
    sentencia_for         ir al estado 42


Estado 16

   26 error_decl_variables: error .

    $default  reduce usando la regla 26 (error_decl_variables)


Estado 17

   31 tipo_lista: DEFLIST . TIPO

    TIPO  desplazar e ir al estado 43


Estado 18

   29 tipo: TIPO .

    $default  reduce usando la regla 29 (tipo)


Estado 19

    4 Declar_de_variables_locales: Marca_ini_declar_variables Variables_locales . Marca_fin_declar_variables
   22 Variables_locales: Variables_locales . Cuerpo_declar_variables

    error    desplazar e ir al estado 16
    FINVARS  desplazar e ir al estado 44
    DEFLIST  desplazar e ir al estado 17
    TIPO     desplazar e ir al estado 18

    Marca_fin_declar_variables  ir al estado 45
    Cuerpo_declar_variables     ir al estado 46
    error_decl_variables        ir al estado 21
    tipo                        ir al estado 22
    tipo_lista                  ir al estado 23


Estado 20

   23 Variables_locales: Cuerpo_declar_variables .

    $default  reduce usando la regla 23 (Variables_locales)


Estado 21

   25 Cuerpo_declar_variables: error_decl_variables .

    $default  reduce usando la regla 25 (Cuerpo_declar_variables)


Estado 22

   24 Cuerpo_declar_variables: tipo . Identificadores PUNTOCOMA

    IDENTIFICADOR  desplazar e ir al estado 47

    Identificadores  ir al estado 48


Estado 23

   30 tipo: tipo_lista .

    $default  reduce usando la regla 30 (tipo)


Estado 24

   13 Cabecera_subprograma: PROCED . IDENTIFICADOR $@2 ABRIRPARENT parametros CERRARPARENT
   14                     | PROCED . error_subprog

    error          desplazar e ir al estado 49
    IDENTIFICADOR  desplazar e ir al estado 50

    error_subprog  ir al estado 51


Estado 25

   43 sentencia_if: CONDSI . ABRIRPARENT expresion CERRARPARENT Sentencia
   44             | CONDSI . ABRIRPARENT expresion CERRARPARENT Sentencia CONDSINO Sentencia

    ABRIRPARENT  desplazar e ir al estado 52


Estado 26

   45 sentencia_while: CONDMIENTRAS . ABRIRPARENT expresion CERRARPARENT Sentencia

    ABRIRPARENT  desplazar e ir al estado 53


Estado 27

   46 sentencia_entrada: LEE . Identificadores PUNTOCOMA

    IDENTIFICADOR  desplazar e ir al estado 47

    Identificadores  ir al estado 54


Estado 28

   47 sentencia_salida: ESCRIBE . lista_expresiones_o_cadena PUNTOCOMA

    error          desplazar e ir al estado 55
    ABRIRCORCH     desplazar e ir al estado 56
    ABRIRPARENT    desplazar e ir al estado 57
    MASMAS         desplazar e ir al estado 58
    MASMENOS       desplazar e ir al estado 59
    VERDFALS       desplazar e ir al estado 60
    T_CARACTER     desplazar e ir al estado 61
    T_CADENA       desplazar e ir al estado 62
    IDENTIFICADOR  desplazar e ir al estado 63
    T_ENTERO       desplazar e ir al estado 64
    T_REAL         desplazar e ir al estado 65
    UNARIOSLISTA   desplazar e ir al estado 66
    EXCLAMACION    desplazar e ir al estado 67
    MENOSMENOS     desplazar e ir al estado 68

    expcad                      ir al estado 69
    lista_expresiones_o_cadena  ir al estado 70
    expresion                   ir al estado 71
    error_expresion             ir al estado 72
    lista                       ir al estado 73
    lista_enteros               ir al estado 74
    lista_reales                ir al estado 75
    lista_booleanos             ir al estado 76
    lista_caracteres            ir al estado 77


Estado 29

   54 sentencia_for: DURANTE . IDENTIFICADOR DOSPUNTOSIGUAL expresion HASTA expresion HACER Sentencia

    IDENTIFICADOR  desplazar e ir al estado 78


Estado 30

   42 sentencia_asignacion: IDENTIFICADOR . ASIG expresion PUNTOCOMA
   53 llamada_proced: IDENTIFICADOR . $@3 ABRIRPARENT lista_expresiones CERRARPARENT PUNTOCOMA

    ASIG  desplazar e ir al estado 79

    $default  reduce usando la regla 52 ($@3)

    $@3  ir al estado 80


Estado 31

   34 Sentencia: bloque .

    $default  reduce usando la regla 34 (Sentencia)


Estado 32

    8 Declar_de_subprogs: Declar_de_subprogs Declar_subprog .

    $default  reduce usando la regla 8 (Declar_de_subprogs)


Estado 33

   10 Declar_subprog: Cabecera_subprograma . bloque

    ABRIRLLAVES  desplazar e ir al estado 6

    bloque            ir al estado 81
    Inicio_de_bloque  ir al estado 8


Estado 34

    3 bloque: Inicio_de_bloque $@1 Declar_de_variables_locales Declar_de_subprogs Sentencias . Fin_de_bloque
   32 Sentencias: Sentencias . Sentencia

    ABRIRLLAVES    desplazar e ir al estado 6
    CERRARLLAVES   desplazar e ir al estado 82
    CONDSI         desplazar e ir al estado 25
    CONDMIENTRAS   desplazar e ir al estado 26
    LEE            desplazar e ir al estado 27
    ESCRIBE        desplazar e ir al estado 28
    DURANTE        desplazar e ir al estado 29
    IDENTIFICADOR  desplazar e ir al estado 30

    bloque                ir al estado 31
    Inicio_de_bloque      ir al estado 8
    Fin_de_bloque         ir al estado 83
    Sentencia             ir al estado 84
    sentencia_asignacion  ir al estado 36
    sentencia_if          ir al estado 37
    sentencia_while       ir al estado 38
    sentencia_entrada     ir al estado 39
    sentencia_salida      ir al estado 40
    llamada_proced        ir al estado 41
    sentencia_for         ir al estado 42


Estado 35

   33 Sentencias: Sentencia .

    $default  reduce usando la regla 33 (Sentencias)


Estado 36

   35 Sentencia: sentencia_asignacion .

    $default  reduce usando la regla 35 (Sentencia)


Estado 37

   36 Sentencia: sentencia_if .

    $default  reduce usando la regla 36 (Sentencia)


Estado 38

   37 Sentencia: sentencia_while .

    $default  reduce usando la regla 37 (Sentencia)


Estado 39

   38 Sentencia: sentencia_entrada .

    $default  reduce usando la regla 38 (Sentencia)


Estado 40

   39 Sentencia: sentencia_salida .

    $default  reduce usando la regla 39 (Sentencia)


Estado 41

   40 Sentencia: llamada_proced .

    $default  reduce usando la regla 40 (Sentencia)


Estado 42

   41 Sentencia: sentencia_for .

    $default  reduce usando la regla 41 (Sentencia)


Estado 43

   31 tipo_lista: DEFLIST TIPO .

    $default  reduce usando la regla 31 (tipo_lista)


Estado 44

    7 Marca_fin_declar_variables: FINVARS . PUNTOCOMA

    PUNTOCOMA  desplazar e ir al estado 85


Estado 45

    4 Declar_de_variables_locales: Marca_ini_declar_variables Variables_locales Marca_fin_declar_variables .

    $default  reduce usando la regla 4 (Declar_de_variables_locales)


Estado 46

   22 Variables_locales: Variables_locales Cuerpo_declar_variables .

    $default  reduce usando la regla 22 (Variables_locales)


Estado 47

   27 Identificadores: IDENTIFICADOR .

    $default  reduce usando la regla 27 (Identificadores)


Estado 48

   24 Cuerpo_declar_variables: tipo Identificadores . PUNTOCOMA
   28 Identificadores: Identificadores . COMA IDENTIFICADOR

    PUNTOCOMA  desplazar e ir al estado 86
    COMA       desplazar e ir al estado 87


Estado 49

   15 error_subprog: error .

    $default  reduce usando la regla 15 (error_subprog)


Estado 50

   13 Cabecera_subprograma: PROCED IDENTIFICADOR . $@2 ABRIRPARENT parametros CERRARPARENT

    $default  reduce usando la regla 12 ($@2)

    $@2  ir al estado 88


Estado 51

   14 Cabecera_subprograma: PROCED error_subprog .

    $default  reduce usando la regla 14 (Cabecera_subprograma)


Estado 52

   43 sentencia_if: CONDSI ABRIRPARENT . expresion CERRARPARENT Sentencia
   44             | CONDSI ABRIRPARENT . expresion CERRARPARENT Sentencia CONDSINO Sentencia

    error          desplazar e ir al estado 55
    ABRIRCORCH     desplazar e ir al estado 56
    ABRIRPARENT    desplazar e ir al estado 57
    MASMAS         desplazar e ir al estado 58
    MASMENOS       desplazar e ir al estado 59
    VERDFALS       desplazar e ir al estado 60
    T_CARACTER     desplazar e ir al estado 61
    IDENTIFICADOR  desplazar e ir al estado 63
    T_ENTERO       desplazar e ir al estado 64
    T_REAL         desplazar e ir al estado 65
    UNARIOSLISTA   desplazar e ir al estado 66
    EXCLAMACION    desplazar e ir al estado 67
    MENOSMENOS     desplazar e ir al estado 68

    expresion         ir al estado 89
    error_expresion   ir al estado 72
    lista             ir al estado 73
    lista_enteros     ir al estado 74
    lista_reales      ir al estado 75
    lista_booleanos   ir al estado 76
    lista_caracteres  ir al estado 77


Estado 53

   45 sentencia_while: CONDMIENTRAS ABRIRPARENT . expresion CERRARPARENT Sentencia

    error          desplazar e ir al estado 55
    ABRIRCORCH     desplazar e ir al estado 56
    ABRIRPARENT    desplazar e ir al estado 57
    MASMAS         desplazar e ir al estado 58
    MASMENOS       desplazar e ir al estado 59
    VERDFALS       desplazar e ir al estado 60
    T_CARACTER     desplazar e ir al estado 61
    IDENTIFICADOR  desplazar e ir al estado 63
    T_ENTERO       desplazar e ir al estado 64
    T_REAL         desplazar e ir al estado 65
    UNARIOSLISTA   desplazar e ir al estado 66
    EXCLAMACION    desplazar e ir al estado 67
    MENOSMENOS     desplazar e ir al estado 68

    expresion         ir al estado 90
    error_expresion   ir al estado 72
    lista             ir al estado 73
    lista_enteros     ir al estado 74
    lista_reales      ir al estado 75
    lista_booleanos   ir al estado 76
    lista_caracteres  ir al estado 77


Estado 54

   28 Identificadores: Identificadores . COMA IDENTIFICADOR
   46 sentencia_entrada: LEE Identificadores . PUNTOCOMA

    PUNTOCOMA  desplazar e ir al estado 91
    COMA       desplazar e ir al estado 87


Estado 55

   81 error_expresion: error .

    $default  reduce usando la regla 81 (error_expresion)


Estado 56

   89 lista_enteros: ABRIRCORCH . Enteros CERRARCORCH
   92 lista_reales: ABRIRCORCH . Reales CERRARCORCH
   95 lista_booleanos: ABRIRCORCH . Booleanos CERRARCORCH
   98 lista_caracteres: ABRIRCORCH . Caracteres CERRARCORCH

    VERDFALS    desplazar e ir al estado 92
    T_CARACTER  desplazar e ir al estado 93
    T_ENTERO    desplazar e ir al estado 94
    T_REAL      desplazar e ir al estado 95

    Enteros     ir al estado 96
    Reales      ir al estado 97
    Booleanos   ir al estado 98
    Caracteres  ir al estado 99


Estado 57

   55 expresion: ABRIRPARENT . expresion CERRARPARENT

    error          desplazar e ir al estado 55
    ABRIRCORCH     desplazar e ir al estado 56
    ABRIRPARENT    desplazar e ir al estado 57
    MASMAS         desplazar e ir al estado 58
    MASMENOS       desplazar e ir al estado 59
    VERDFALS       desplazar e ir al estado 60
    T_CARACTER     desplazar e ir al estado 61
    IDENTIFICADOR  desplazar e ir al estado 63
    T_ENTERO       desplazar e ir al estado 64
    T_REAL         desplazar e ir al estado 65
    UNARIOSLISTA   desplazar e ir al estado 66
    EXCLAMACION    desplazar e ir al estado 67
    MENOSMENOS     desplazar e ir al estado 68

    expresion         ir al estado 100
    error_expresion   ir al estado 72
    lista             ir al estado 73
    lista_enteros     ir al estado 74
    lista_reales      ir al estado 75
    lista_booleanos   ir al estado 76
    lista_caracteres  ir al estado 77


Estado 58

   58 expresion: MASMAS . expresion

    error          desplazar e ir al estado 55
    ABRIRCORCH     desplazar e ir al estado 56
    ABRIRPARENT    desplazar e ir al estado 57
    MASMAS         desplazar e ir al estado 58
    MASMENOS       desplazar e ir al estado 59
    VERDFALS       desplazar e ir al estado 60
    T_CARACTER     desplazar e ir al estado 61
    IDENTIFICADOR  desplazar e ir al estado 63
    T_ENTERO       desplazar e ir al estado 64
    T_REAL         desplazar e ir al estado 65
    UNARIOSLISTA   desplazar e ir al estado 66
    EXCLAMACION    desplazar e ir al estado 67
    MENOSMENOS     desplazar e ir al estado 68

    expresion         ir al estado 101
    error_expresion   ir al estado 72
    lista             ir al estado 73
    lista_enteros     ir al estado 74
    lista_reales      ir al estado 75
    lista_booleanos   ir al estado 76
    lista_caracteres  ir al estado 77


Estado 59

   56 expresion: MASMENOS . expresion

    error          desplazar e ir al estado 55
    ABRIRCORCH     desplazar e ir al estado 56
    ABRIRPARENT    desplazar e ir al estado 57
    MASMAS         desplazar e ir al estado 58
    MASMENOS       desplazar e ir al estado 59
    VERDFALS       desplazar e ir al estado 60
    T_CARACTER     desplazar e ir al estado 61
    IDENTIFICADOR  desplazar e ir al estado 63
    T_ENTERO       desplazar e ir al estado 64
    T_REAL         desplazar e ir al estado 65
    UNARIOSLISTA   desplazar e ir al estado 66
    EXCLAMACION    desplazar e ir al estado 67
    MENOSMENOS     desplazar e ir al estado 68

    expresion         ir al estado 102
    error_expresion   ir al estado 72
    lista             ir al estado 73
    lista_enteros     ir al estado 74
    lista_reales      ir al estado 75
    lista_booleanos   ir al estado 76
    lista_caracteres  ir al estado 77


Estado 60

   78 expresion: VERDFALS .

    $default  reduce usando la regla 78 (expresion)


Estado 61

   77 expresion: T_CARACTER .

    $default  reduce usando la regla 77 (expresion)


Estado 62

   49 expcad: T_CADENA .

    $default  reduce usando la regla 49 (expcad)


Estado 63

   74 expresion: IDENTIFICADOR .

    $default  reduce usando la regla 74 (expresion)


Estado 64

   76 expresion: T_ENTERO .

    $default  reduce usando la regla 76 (expresion)


Estado 65

   75 expresion: T_REAL .

    $default  reduce usando la regla 75 (expresion)


Estado 66

   57 expresion: UNARIOSLISTA . expresion

    error          desplazar e ir al estado 55
    ABRIRCORCH     desplazar e ir al estado 56
    ABRIRPARENT    desplazar e ir al estado 57
    MASMAS         desplazar e ir al estado 58
    MASMENOS       desplazar e ir al estado 59
    VERDFALS       desplazar e ir al estado 60
    T_CARACTER     desplazar e ir al estado 61
    IDENTIFICADOR  desplazar e ir al estado 63
    T_ENTERO       desplazar e ir al estado 64
    T_REAL         desplazar e ir al estado 65
    UNARIOSLISTA   desplazar e ir al estado 66
    EXCLAMACION    desplazar e ir al estado 67
    MENOSMENOS     desplazar e ir al estado 68

    expresion         ir al estado 103
    error_expresion   ir al estado 72
    lista             ir al estado 73
    lista_enteros     ir al estado 74
    lista_reales      ir al estado 75
    lista_booleanos   ir al estado 76
    lista_caracteres  ir al estado 77


Estado 67

   60 expresion: EXCLAMACION . expresion

    error          desplazar e ir al estado 55
    ABRIRCORCH     desplazar e ir al estado 56
    ABRIRPARENT    desplazar e ir al estado 57
    MASMAS         desplazar e ir al estado 58
    MASMENOS       desplazar e ir al estado 59
    VERDFALS       desplazar e ir al estado 60
    T_CARACTER     desplazar e ir al estado 61
    IDENTIFICADOR  desplazar e ir al estado 63
    T_ENTERO       desplazar e ir al estado 64
    T_REAL         desplazar e ir al estado 65
    UNARIOSLISTA   desplazar e ir al estado 66
    EXCLAMACION    desplazar e ir al estado 67
    MENOSMENOS     desplazar e ir al estado 68

    expresion         ir al estado 104
    error_expresion   ir al estado 72
    lista             ir al estado 73
    lista_enteros     ir al estado 74
    lista_reales      ir al estado 75
    lista_booleanos   ir al estado 76
    lista_caracteres  ir al estado 77


Estado 68

   59 expresion: MENOSMENOS . expresion

    error          desplazar e ir al estado 55
    ABRIRCORCH     desplazar e ir al estado 56
    ABRIRPARENT    desplazar e ir al estado 57
    MASMAS         desplazar e ir al estado 58
    MASMENOS       desplazar e ir al estado 59
    VERDFALS       desplazar e ir al estado 60
    T_CARACTER     desplazar e ir al estado 61
    IDENTIFICADOR  desplazar e ir al estado 63
    T_ENTERO       desplazar e ir al estado 64
    T_REAL         desplazar e ir al estado 65
    UNARIOSLISTA   desplazar e ir al estado 66
    EXCLAMACION    desplazar e ir al estado 67
    MENOSMENOS     desplazar e ir al estado 68

    expresion         ir al estado 105
    error_expresion   ir al estado 72
    lista             ir al estado 73
    lista_enteros     ir al estado 74
    lista_reales      ir al estado 75
    lista_booleanos   ir al estado 76
    lista_caracteres  ir al estado 77


Estado 69

   50 lista_expresiones_o_cadena: expcad .

    $default  reduce usando la regla 50 (lista_expresiones_o_cadena)


Estado 70

   47 sentencia_salida: ESCRIBE lista_expresiones_o_cadena . PUNTOCOMA
   51 lista_expresiones_o_cadena: lista_expresiones_o_cadena . COMA expcad

    PUNTOCOMA  desplazar e ir al estado 106
    COMA       desplazar e ir al estado 107


Estado 71

   48 expcad: expresion .
   61 expresion: expresion . AVANRETRO
   62          | expresion . MULMUL expresion
   63          | expresion . MULTIDIV expresion
   64          | expresion . LOGAND expresion
   65          | expresion . EXOR expresion
   66          | expresion . ORBIT expresion
   67          | expresion . LOGOR expresion
   68          | expresion . REL expresion
   69          | expresion . IGUALDAD expresion
   70          | expresion . PORCENTAJE expresion
   71          | expresion . ANDBIT expresion
   72          | expresion . MASMENOS expresion
   73          | expresion . MASMAS expresion ARROBA expresion

    MASMAS      desplazar e ir al estado 108
    MASMENOS    desplazar e ir al estado 109
    LOGOR       desplazar e ir al estado 110
    LOGAND      desplazar e ir al estado 111
    ORBIT       desplazar e ir al estado 112
    EXOR        desplazar e ir al estado 113
    ANDBIT      desplazar e ir al estado 114
    IGUALDAD    desplazar e ir al estado 115
    REL         desplazar e ir al estado 116
    MULTIDIV    desplazar e ir al estado 117
    PORCENTAJE  desplazar e ir al estado 118
    MULMUL      desplazar e ir al estado 119
    AVANRETRO   desplazar e ir al estado 120

    $default  reduce usando la regla 48 (expcad)


Estado 72

   80 expresion: error_expresion .

    $default  reduce usando la regla 80 (expresion)


Estado 73

   79 expresion: lista .

    $default  reduce usando la regla 79 (expresion)


Estado 74

   85 lista: lista_enteros .

    $default  reduce usando la regla 85 (lista)


Estado 75

   86 lista: lista_reales .

    $default  reduce usando la regla 86 (lista)


Estado 76

   87 lista: lista_booleanos .

    $default  reduce usando la regla 87 (lista)


Estado 77

   88 lista: lista_caracteres .

    $default  reduce usando la regla 88 (lista)


Estado 78

   54 sentencia_for: DURANTE IDENTIFICADOR . DOSPUNTOSIGUAL expresion HASTA expresion HACER Sentencia

    DOSPUNTOSIGUAL  desplazar e ir al estado 121


Estado 79

   42 sentencia_asignacion: IDENTIFICADOR ASIG . expresion PUNTOCOMA

    error          desplazar e ir al estado 55
    ABRIRCORCH     desplazar e ir al estado 56
    ABRIRPARENT    desplazar e ir al estado 57
    MASMAS         desplazar e ir al estado 58
    MASMENOS       desplazar e ir al estado 59
    VERDFALS       desplazar e ir al estado 60
    T_CARACTER     desplazar e ir al estado 61
    IDENTIFICADOR  desplazar e ir al estado 63
    T_ENTERO       desplazar e ir al estado 64
    T_REAL         desplazar e ir al estado 65
    UNARIOSLISTA   desplazar e ir al estado 66
    EXCLAMACION    desplazar e ir al estado 67
    MENOSMENOS     desplazar e ir al estado 68

    expresion         ir al estado 122
    error_expresion   ir al estado 72
    lista             ir al estado 73
    lista_enteros     ir al estado 74
    lista_reales      ir al estado 75
    lista_booleanos   ir al estado 76
    lista_caracteres  ir al estado 77


Estado 80

   53 llamada_proced: IDENTIFICADOR $@3 . ABRIRPARENT lista_expresiones CERRARPARENT PUNTOCOMA

    ABRIRPARENT  desplazar e ir al estado 123


Estado 81

   10 Declar_subprog: Cabecera_subprograma bloque .

    $default  reduce usando la regla 10 (Declar_subprog)


Estado 82

   21 Fin_de_bloque: CERRARLLAVES .

    $default  reduce usando la regla 21 (Fin_de_bloque)


Estado 83

    3 bloque: Inicio_de_bloque $@1 Declar_de_variables_locales Declar_de_subprogs Sentencias Fin_de_bloque .

    $default  reduce usando la regla 3 (bloque)


Estado 84

   32 Sentencias: Sentencias Sentencia .

    $default  reduce usando la regla 32 (Sentencias)


Estado 85

    7 Marca_fin_declar_variables: FINVARS PUNTOCOMA .

    $default  reduce usando la regla 7 (Marca_fin_declar_variables)


Estado 86

   24 Cuerpo_declar_variables: tipo Identificadores PUNTOCOMA .

    $default  reduce usando la regla 24 (Cuerpo_declar_variables)


Estado 87

   28 Identificadores: Identificadores COMA . IDENTIFICADOR

    IDENTIFICADOR  desplazar e ir al estado 124


Estado 88

   13 Cabecera_subprograma: PROCED IDENTIFICADOR $@2 . ABRIRPARENT parametros CERRARPARENT

    ABRIRPARENT  desplazar e ir al estado 125


Estado 89

   43 sentencia_if: CONDSI ABRIRPARENT expresion . CERRARPARENT Sentencia
   44             | CONDSI ABRIRPARENT expresion . CERRARPARENT Sentencia CONDSINO Sentencia
   61 expresion: expresion . AVANRETRO
   62          | expresion . MULMUL expresion
   63          | expresion . MULTIDIV expresion
   64          | expresion . LOGAND expresion
   65          | expresion . EXOR expresion
   66          | expresion . ORBIT expresion
   67          | expresion . LOGOR expresion
   68          | expresion . REL expresion
   69          | expresion . IGUALDAD expresion
   70          | expresion . PORCENTAJE expresion
   71          | expresion . ANDBIT expresion
   72          | expresion . MASMENOS expresion
   73          | expresion . MASMAS expresion ARROBA expresion

    CERRARPARENT  desplazar e ir al estado 126
    MASMAS        desplazar e ir al estado 108
    MASMENOS      desplazar e ir al estado 109
    LOGOR         desplazar e ir al estado 110
    LOGAND        desplazar e ir al estado 111
    ORBIT         desplazar e ir al estado 112
    EXOR          desplazar e ir al estado 113
    ANDBIT        desplazar e ir al estado 114
    IGUALDAD      desplazar e ir al estado 115
    REL           desplazar e ir al estado 116
    MULTIDIV      desplazar e ir al estado 117
    PORCENTAJE    desplazar e ir al estado 118
    MULMUL        desplazar e ir al estado 119
    AVANRETRO     desplazar e ir al estado 120


Estado 90

   45 sentencia_while: CONDMIENTRAS ABRIRPARENT expresion . CERRARPARENT Sentencia
   61 expresion: expresion . AVANRETRO
   62          | expresion . MULMUL expresion
   63          | expresion . MULTIDIV expresion
   64          | expresion . LOGAND expresion
   65          | expresion . EXOR expresion
   66          | expresion . ORBIT expresion
   67          | expresion . LOGOR expresion
   68          | expresion . REL expresion
   69          | expresion . IGUALDAD expresion
   70          | expresion . PORCENTAJE expresion
   71          | expresion . ANDBIT expresion
   72          | expresion . MASMENOS expresion
   73          | expresion . MASMAS expresion ARROBA expresion

    CERRARPARENT  desplazar e ir al estado 127
    MASMAS        desplazar e ir al estado 108
    MASMENOS      desplazar e ir al estado 109
    LOGOR         desplazar e ir al estado 110
    LOGAND        desplazar e ir al estado 111
    ORBIT         desplazar e ir al estado 112
    EXOR          desplazar e ir al estado 113
    ANDBIT        desplazar e ir al estado 114
    IGUALDAD      desplazar e ir al estado 115
    REL           desplazar e ir al estado 116
    MULTIDIV      desplazar e ir al estado 117
    PORCENTAJE    desplazar e ir al estado 118
    MULMUL        desplazar e ir al estado 119
    AVANRETRO     desplazar e ir al estado 120


Estado 91

   46 sentencia_entrada: LEE Identificadores PUNTOCOMA .

    $default  reduce usando la regla 46 (sentencia_entrada)


Estado 92

   96 Booleanos: VERDFALS .

    $default  reduce usando la regla 96 (Booleanos)


Estado 93

   99 Caracteres: T_CARACTER .

    $default  reduce usando la regla 99 (Caracteres)


Estado 94

   90 Enteros: T_ENTERO .

    $default  reduce usando la regla 90 (Enteros)


Estado 95

   93 Reales: T_REAL .

    $default  reduce usando la regla 93 (Reales)


Estado 96

   89 lista_enteros: ABRIRCORCH Enteros . CERRARCORCH
   91 Enteros: Enteros . COMA T_ENTERO

    CERRARCORCH  desplazar e ir al estado 128
    COMA         desplazar e ir al estado 129


Estado 97

   92 lista_reales: ABRIRCORCH Reales . CERRARCORCH
   94 Reales: Reales . COMA T_REAL

    CERRARCORCH  desplazar e ir al estado 130
    COMA         desplazar e ir al estado 131


Estado 98

   95 lista_booleanos: ABRIRCORCH Booleanos . CERRARCORCH
   97 Booleanos: Booleanos . COMA VERDFALS

    CERRARCORCH  desplazar e ir al estado 132
    COMA         desplazar e ir al estado 133


Estado 99

   98 lista_caracteres: ABRIRCORCH Caracteres . CERRARCORCH
  100 Caracteres: Caracteres . COMA T_CARACTER

    CERRARCORCH  desplazar e ir al estado 134
    COMA         desplazar e ir al estado 135


Estado 100

   55 expresion: ABRIRPARENT expresion . CERRARPARENT
   61          | expresion . AVANRETRO
   62          | expresion . MULMUL expresion
   63          | expresion . MULTIDIV expresion
   64          | expresion . LOGAND expresion
   65          | expresion . EXOR expresion
   66          | expresion . ORBIT expresion
   67          | expresion . LOGOR expresion
   68          | expresion . REL expresion
   69          | expresion . IGUALDAD expresion
   70          | expresion . PORCENTAJE expresion
   71          | expresion . ANDBIT expresion
   72          | expresion . MASMENOS expresion
   73          | expresion . MASMAS expresion ARROBA expresion

    CERRARPARENT  desplazar e ir al estado 136
    MASMAS        desplazar e ir al estado 108
    MASMENOS      desplazar e ir al estado 109
    LOGOR         desplazar e ir al estado 110
    LOGAND        desplazar e ir al estado 111
    ORBIT         desplazar e ir al estado 112
    EXOR          desplazar e ir al estado 113
    ANDBIT        desplazar e ir al estado 114
    IGUALDAD      desplazar e ir al estado 115
    REL           desplazar e ir al estado 116
    MULTIDIV      desplazar e ir al estado 117
    PORCENTAJE    desplazar e ir al estado 118
    MULMUL        desplazar e ir al estado 119
    AVANRETRO     desplazar e ir al estado 120


Estado 101

   58 expresion: MASMAS expresion .
   61          | expresion . AVANRETRO
   62          | expresion . MULMUL expresion
   63          | expresion . MULTIDIV expresion
   64          | expresion . LOGAND expresion
   65          | expresion . EXOR expresion
   66          | expresion . ORBIT expresion
   67          | expresion . LOGOR expresion
   68          | expresion . REL expresion
   69          | expresion . IGUALDAD expresion
   70          | expresion . PORCENTAJE expresion
   71          | expresion . ANDBIT expresion
   72          | expresion . MASMENOS expresion
   73          | expresion . MASMAS expresion ARROBA expresion

    MASMAS     desplazar e ir al estado 108
    MULMUL     desplazar e ir al estado 119
    AVANRETRO  desplazar e ir al estado 120

    $default  reduce usando la regla 58 (expresion)


Estado 102

   56 expresion: MASMENOS expresion .
   61          | expresion . AVANRETRO
   62          | expresion . MULMUL expresion
   63          | expresion . MULTIDIV expresion
   64          | expresion . LOGAND expresion
   65          | expresion . EXOR expresion
   66          | expresion . ORBIT expresion
   67          | expresion . LOGOR expresion
   68          | expresion . REL expresion
   69          | expresion . IGUALDAD expresion
   70          | expresion . PORCENTAJE expresion
   71          | expresion . ANDBIT expresion
   72          | expresion . MASMENOS expresion
   73          | expresion . MASMAS expresion ARROBA expresion

    MASMAS     desplazar e ir al estado 108
    MULMUL     desplazar e ir al estado 119
    AVANRETRO  desplazar e ir al estado 120

    $default  reduce usando la regla 56 (expresion)


Estado 103

   57 expresion: UNARIOSLISTA expresion .
   61          | expresion . AVANRETRO
   62          | expresion . MULMUL expresion
   63          | expresion . MULTIDIV expresion
   64          | expresion . LOGAND expresion
   65          | expresion . EXOR expresion
   66          | expresion . ORBIT expresion
   67          | expresion . LOGOR expresion
   68          | expresion . REL expresion
   69          | expresion . IGUALDAD expresion
   70          | expresion . PORCENTAJE expresion
   71          | expresion . ANDBIT expresion
   72          | expresion . MASMENOS expresion
   73          | expresion . MASMAS expresion ARROBA expresion

    MASMAS     desplazar e ir al estado 108
    MULMUL     desplazar e ir al estado 119
    AVANRETRO  desplazar e ir al estado 120

    $default  reduce usando la regla 57 (expresion)


Estado 104

   60 expresion: EXCLAMACION expresion .
   61          | expresion . AVANRETRO
   62          | expresion . MULMUL expresion
   63          | expresion . MULTIDIV expresion
   64          | expresion . LOGAND expresion
   65          | expresion . EXOR expresion
   66          | expresion . ORBIT expresion
   67          | expresion . LOGOR expresion
   68          | expresion . REL expresion
   69          | expresion . IGUALDAD expresion
   70          | expresion . PORCENTAJE expresion
   71          | expresion . ANDBIT expresion
   72          | expresion . MASMENOS expresion
   73          | expresion . MASMAS expresion ARROBA expresion

    MASMAS     desplazar e ir al estado 108
    MULMUL     desplazar e ir al estado 119
    AVANRETRO  desplazar e ir al estado 120

    $default  reduce usando la regla 60 (expresion)


Estado 105

   59 expresion: MENOSMENOS expresion .
   61          | expresion . AVANRETRO
   62          | expresion . MULMUL expresion
   63          | expresion . MULTIDIV expresion
   64          | expresion . LOGAND expresion
   65          | expresion . EXOR expresion
   66          | expresion . ORBIT expresion
   67          | expresion . LOGOR expresion
   68          | expresion . REL expresion
   69          | expresion . IGUALDAD expresion
   70          | expresion . PORCENTAJE expresion
   71          | expresion . ANDBIT expresion
   72          | expresion . MASMENOS expresion
   73          | expresion . MASMAS expresion ARROBA expresion

    MASMAS     desplazar e ir al estado 108
    MULMUL     desplazar e ir al estado 119
    AVANRETRO  desplazar e ir al estado 120

    $default  reduce usando la regla 59 (expresion)


Estado 106

   47 sentencia_salida: ESCRIBE lista_expresiones_o_cadena PUNTOCOMA .

    $default  reduce usando la regla 47 (sentencia_salida)


Estado 107

   51 lista_expresiones_o_cadena: lista_expresiones_o_cadena COMA . expcad

    error          desplazar e ir al estado 55
    ABRIRCORCH     desplazar e ir al estado 56
    ABRIRPARENT    desplazar e ir al estado 57
    MASMAS         desplazar e ir al estado 58
    MASMENOS       desplazar e ir al estado 59
    VERDFALS       desplazar e ir al estado 60
    T_CARACTER     desplazar e ir al estado 61
    T_CADENA       desplazar e ir al estado 62
    IDENTIFICADOR  desplazar e ir al estado 63
    T_ENTERO       desplazar e ir al estado 64
    T_REAL         desplazar e ir al estado 65
    UNARIOSLISTA   desplazar e ir al estado 66
    EXCLAMACION    desplazar e ir al estado 67
    MENOSMENOS     desplazar e ir al estado 68

    expcad            ir al estado 137
    expresion         ir al estado 71
    error_expresion   ir al estado 72
    lista             ir al estado 73
    lista_enteros     ir al estado 74
    lista_reales      ir al estado 75
    lista_booleanos   ir al estado 76
    lista_caracteres  ir al estado 77


Estado 108

   73 expresion: expresion MASMAS . expresion ARROBA expresion

    error          desplazar e ir al estado 55
    ABRIRCORCH     desplazar e ir al estado 56
    ABRIRPARENT    desplazar e ir al estado 57
    MASMAS         desplazar e ir al estado 58
    MASMENOS       desplazar e ir al estado 59
    VERDFALS       desplazar e ir al estado 60
    T_CARACTER     desplazar e ir al estado 61
    IDENTIFICADOR  desplazar e ir al estado 63
    T_ENTERO       desplazar e ir al estado 64
    T_REAL         desplazar e ir al estado 65
    UNARIOSLISTA   desplazar e ir al estado 66
    EXCLAMACION    desplazar e ir al estado 67
    MENOSMENOS     desplazar e ir al estado 68

    expresion         ir al estado 138
    error_expresion   ir al estado 72
    lista             ir al estado 73
    lista_enteros     ir al estado 74
    lista_reales      ir al estado 75
    lista_booleanos   ir al estado 76
    lista_caracteres  ir al estado 77


Estado 109

   72 expresion: expresion MASMENOS . expresion

    error          desplazar e ir al estado 55
    ABRIRCORCH     desplazar e ir al estado 56
    ABRIRPARENT    desplazar e ir al estado 57
    MASMAS         desplazar e ir al estado 58
    MASMENOS       desplazar e ir al estado 59
    VERDFALS       desplazar e ir al estado 60
    T_CARACTER     desplazar e ir al estado 61
    IDENTIFICADOR  desplazar e ir al estado 63
    T_ENTERO       desplazar e ir al estado 64
    T_REAL         desplazar e ir al estado 65
    UNARIOSLISTA   desplazar e ir al estado 66
    EXCLAMACION    desplazar e ir al estado 67
    MENOSMENOS     desplazar e ir al estado 68

    expresion         ir al estado 139
    error_expresion   ir al estado 72
    lista             ir al estado 73
    lista_enteros     ir al estado 74
    lista_reales      ir al estado 75
    lista_booleanos   ir al estado 76
    lista_caracteres  ir al estado 77


Estado 110

   67 expresion: expresion LOGOR . expresion

    error          desplazar e ir al estado 55
    ABRIRCORCH     desplazar e ir al estado 56
    ABRIRPARENT    desplazar e ir al estado 57
    MASMAS         desplazar e ir al estado 58
    MASMENOS       desplazar e ir al estado 59
    VERDFALS       desplazar e ir al estado 60
    T_CARACTER     desplazar e ir al estado 61
    IDENTIFICADOR  desplazar e ir al estado 63
    T_ENTERO       desplazar e ir al estado 64
    T_REAL         desplazar e ir al estado 65
    UNARIOSLISTA   desplazar e ir al estado 66
    EXCLAMACION    desplazar e ir al estado 67
    MENOSMENOS     desplazar e ir al estado 68

    expresion         ir al estado 140
    error_expresion   ir al estado 72
    lista             ir al estado 73
    lista_enteros     ir al estado 74
    lista_reales      ir al estado 75
    lista_booleanos   ir al estado 76
    lista_caracteres  ir al estado 77


Estado 111

   64 expresion: expresion LOGAND . expresion

    error          desplazar e ir al estado 55
    ABRIRCORCH     desplazar e ir al estado 56
    ABRIRPARENT    desplazar e ir al estado 57
    MASMAS         desplazar e ir al estado 58
    MASMENOS       desplazar e ir al estado 59
    VERDFALS       desplazar e ir al estado 60
    T_CARACTER     desplazar e ir al estado 61
    IDENTIFICADOR  desplazar e ir al estado 63
    T_ENTERO       desplazar e ir al estado 64
    T_REAL         desplazar e ir al estado 65
    UNARIOSLISTA   desplazar e ir al estado 66
    EXCLAMACION    desplazar e ir al estado 67
    MENOSMENOS     desplazar e ir al estado 68

    expresion         ir al estado 141
    error_expresion   ir al estado 72
    lista             ir al estado 73
    lista_enteros     ir al estado 74
    lista_reales      ir al estado 75
    lista_booleanos   ir al estado 76
    lista_caracteres  ir al estado 77


Estado 112

   66 expresion: expresion ORBIT . expresion

    error          desplazar e ir al estado 55
    ABRIRCORCH     desplazar e ir al estado 56
    ABRIRPARENT    desplazar e ir al estado 57
    MASMAS         desplazar e ir al estado 58
    MASMENOS       desplazar e ir al estado 59
    VERDFALS       desplazar e ir al estado 60
    T_CARACTER     desplazar e ir al estado 61
    IDENTIFICADOR  desplazar e ir al estado 63
    T_ENTERO       desplazar e ir al estado 64
    T_REAL         desplazar e ir al estado 65
    UNARIOSLISTA   desplazar e ir al estado 66
    EXCLAMACION    desplazar e ir al estado 67
    MENOSMENOS     desplazar e ir al estado 68

    expresion         ir al estado 142
    error_expresion   ir al estado 72
    lista             ir al estado 73
    lista_enteros     ir al estado 74
    lista_reales      ir al estado 75
    lista_booleanos   ir al estado 76
    lista_caracteres  ir al estado 77


Estado 113

   65 expresion: expresion EXOR . expresion

    error          desplazar e ir al estado 55
    ABRIRCORCH     desplazar e ir al estado 56
    ABRIRPARENT    desplazar e ir al estado 57
    MASMAS         desplazar e ir al estado 58
    MASMENOS       desplazar e ir al estado 59
    VERDFALS       desplazar e ir al estado 60
    T_CARACTER     desplazar e ir al estado 61
    IDENTIFICADOR  desplazar e ir al estado 63
    T_ENTERO       desplazar e ir al estado 64
    T_REAL         desplazar e ir al estado 65
    UNARIOSLISTA   desplazar e ir al estado 66
    EXCLAMACION    desplazar e ir al estado 67
    MENOSMENOS     desplazar e ir al estado 68

    expresion         ir al estado 143
    error_expresion   ir al estado 72
    lista             ir al estado 73
    lista_enteros     ir al estado 74
    lista_reales      ir al estado 75
    lista_booleanos   ir al estado 76
    lista_caracteres  ir al estado 77


Estado 114

   71 expresion: expresion ANDBIT . expresion

    error          desplazar e ir al estado 55
    ABRIRCORCH     desplazar e ir al estado 56
    ABRIRPARENT    desplazar e ir al estado 57
    MASMAS         desplazar e ir al estado 58
    MASMENOS       desplazar e ir al estado 59
    VERDFALS       desplazar e ir al estado 60
    T_CARACTER     desplazar e ir al estado 61
    IDENTIFICADOR  desplazar e ir al estado 63
    T_ENTERO       desplazar e ir al estado 64
    T_REAL         desplazar e ir al estado 65
    UNARIOSLISTA   desplazar e ir al estado 66
    EXCLAMACION    desplazar e ir al estado 67
    MENOSMENOS     desplazar e ir al estado 68

    expresion         ir al estado 144
    error_expresion   ir al estado 72
    lista             ir al estado 73
    lista_enteros     ir al estado 74
    lista_reales      ir al estado 75
    lista_booleanos   ir al estado 76
    lista_caracteres  ir al estado 77


Estado 115

   69 expresion: expresion IGUALDAD . expresion

    error          desplazar e ir al estado 55
    ABRIRCORCH     desplazar e ir al estado 56
    ABRIRPARENT    desplazar e ir al estado 57
    MASMAS         desplazar e ir al estado 58
    MASMENOS       desplazar e ir al estado 59
    VERDFALS       desplazar e ir al estado 60
    T_CARACTER     desplazar e ir al estado 61
    IDENTIFICADOR  desplazar e ir al estado 63
    T_ENTERO       desplazar e ir al estado 64
    T_REAL         desplazar e ir al estado 65
    UNARIOSLISTA   desplazar e ir al estado 66
    EXCLAMACION    desplazar e ir al estado 67
    MENOSMENOS     desplazar e ir al estado 68

    expresion         ir al estado 145
    error_expresion   ir al estado 72
    lista             ir al estado 73
    lista_enteros     ir al estado 74
    lista_reales      ir al estado 75
    lista_booleanos   ir al estado 76
    lista_caracteres  ir al estado 77


Estado 116

   68 expresion: expresion REL . expresion

    error          desplazar e ir al estado 55
    ABRIRCORCH     desplazar e ir al estado 56
    ABRIRPARENT    desplazar e ir al estado 57
    MASMAS         desplazar e ir al estado 58
    MASMENOS       desplazar e ir al estado 59
    VERDFALS       desplazar e ir al estado 60
    T_CARACTER     desplazar e ir al estado 61
    IDENTIFICADOR  desplazar e ir al estado 63
    T_ENTERO       desplazar e ir al estado 64
    T_REAL         desplazar e ir al estado 65
    UNARIOSLISTA   desplazar e ir al estado 66
    EXCLAMACION    desplazar e ir al estado 67
    MENOSMENOS     desplazar e ir al estado 68

    expresion         ir al estado 146
    error_expresion   ir al estado 72
    lista             ir al estado 73
    lista_enteros     ir al estado 74
    lista_reales      ir al estado 75
    lista_booleanos   ir al estado 76
    lista_caracteres  ir al estado 77


Estado 117

   63 expresion: expresion MULTIDIV . expresion

    error          desplazar e ir al estado 55
    ABRIRCORCH     desplazar e ir al estado 56
    ABRIRPARENT    desplazar e ir al estado 57
    MASMAS         desplazar e ir al estado 58
    MASMENOS       desplazar e ir al estado 59
    VERDFALS       desplazar e ir al estado 60
    T_CARACTER     desplazar e ir al estado 61
    IDENTIFICADOR  desplazar e ir al estado 63
    T_ENTERO       desplazar e ir al estado 64
    T_REAL         desplazar e ir al estado 65
    UNARIOSLISTA   desplazar e ir al estado 66
    EXCLAMACION    desplazar e ir al estado 67
    MENOSMENOS     desplazar e ir al estado 68

    expresion         ir al estado 147
    error_expresion   ir al estado 72
    lista             ir al estado 73
    lista_enteros     ir al estado 74
    lista_reales      ir al estado 75
    lista_booleanos   ir al estado 76
    lista_caracteres  ir al estado 77


Estado 118

   70 expresion: expresion PORCENTAJE . expresion

    error          desplazar e ir al estado 55
    ABRIRCORCH     desplazar e ir al estado 56
    ABRIRPARENT    desplazar e ir al estado 57
    MASMAS         desplazar e ir al estado 58
    MASMENOS       desplazar e ir al estado 59
    VERDFALS       desplazar e ir al estado 60
    T_CARACTER     desplazar e ir al estado 61
    IDENTIFICADOR  desplazar e ir al estado 63
    T_ENTERO       desplazar e ir al estado 64
    T_REAL         desplazar e ir al estado 65
    UNARIOSLISTA   desplazar e ir al estado 66
    EXCLAMACION    desplazar e ir al estado 67
    MENOSMENOS     desplazar e ir al estado 68

    expresion         ir al estado 148
    error_expresion   ir al estado 72
    lista             ir al estado 73
    lista_enteros     ir al estado 74
    lista_reales      ir al estado 75
    lista_booleanos   ir al estado 76
    lista_caracteres  ir al estado 77


Estado 119

   62 expresion: expresion MULMUL . expresion

    error          desplazar e ir al estado 55
    ABRIRCORCH     desplazar e ir al estado 56
    ABRIRPARENT    desplazar e ir al estado 57
    MASMAS         desplazar e ir al estado 58
    MASMENOS       desplazar e ir al estado 59
    VERDFALS       desplazar e ir al estado 60
    T_CARACTER     desplazar e ir al estado 61
    IDENTIFICADOR  desplazar e ir al estado 63
    T_ENTERO       desplazar e ir al estado 64
    T_REAL         desplazar e ir al estado 65
    UNARIOSLISTA   desplazar e ir al estado 66
    EXCLAMACION    desplazar e ir al estado 67
    MENOSMENOS     desplazar e ir al estado 68

    expresion         ir al estado 149
    error_expresion   ir al estado 72
    lista             ir al estado 73
    lista_enteros     ir al estado 74
    lista_reales      ir al estado 75
    lista_booleanos   ir al estado 76
    lista_caracteres  ir al estado 77


Estado 120

   61 expresion: expresion AVANRETRO .

    $default  reduce usando la regla 61 (expresion)


Estado 121

   54 sentencia_for: DURANTE IDENTIFICADOR DOSPUNTOSIGUAL . expresion HASTA expresion HACER Sentencia

    error          desplazar e ir al estado 55
    ABRIRCORCH     desplazar e ir al estado 56
    ABRIRPARENT    desplazar e ir al estado 57
    MASMAS         desplazar e ir al estado 58
    MASMENOS       desplazar e ir al estado 59
    VERDFALS       desplazar e ir al estado 60
    T_CARACTER     desplazar e ir al estado 61
    IDENTIFICADOR  desplazar e ir al estado 63
    T_ENTERO       desplazar e ir al estado 64
    T_REAL         desplazar e ir al estado 65
    UNARIOSLISTA   desplazar e ir al estado 66
    EXCLAMACION    desplazar e ir al estado 67
    MENOSMENOS     desplazar e ir al estado 68

    expresion         ir al estado 150
    error_expresion   ir al estado 72
    lista             ir al estado 73
    lista_enteros     ir al estado 74
    lista_reales      ir al estado 75
    lista_booleanos   ir al estado 76
    lista_caracteres  ir al estado 77


Estado 122

   42 sentencia_asignacion: IDENTIFICADOR ASIG expresion . PUNTOCOMA
   61 expresion: expresion . AVANRETRO
   62          | expresion . MULMUL expresion
   63          | expresion . MULTIDIV expresion
   64          | expresion . LOGAND expresion
   65          | expresion . EXOR expresion
   66          | expresion . ORBIT expresion
   67          | expresion . LOGOR expresion
   68          | expresion . REL expresion
   69          | expresion . IGUALDAD expresion
   70          | expresion . PORCENTAJE expresion
   71          | expresion . ANDBIT expresion
   72          | expresion . MASMENOS expresion
   73          | expresion . MASMAS expresion ARROBA expresion

    PUNTOCOMA   desplazar e ir al estado 151
    MASMAS      desplazar e ir al estado 108
    MASMENOS    desplazar e ir al estado 109
    LOGOR       desplazar e ir al estado 110
    LOGAND      desplazar e ir al estado 111
    ORBIT       desplazar e ir al estado 112
    EXOR        desplazar e ir al estado 113
    ANDBIT      desplazar e ir al estado 114
    IGUALDAD    desplazar e ir al estado 115
    REL         desplazar e ir al estado 116
    MULTIDIV    desplazar e ir al estado 117
    PORCENTAJE  desplazar e ir al estado 118
    MULMUL      desplazar e ir al estado 119
    AVANRETRO   desplazar e ir al estado 120


Estado 123

   53 llamada_proced: IDENTIFICADOR $@3 ABRIRPARENT . lista_expresiones CERRARPARENT PUNTOCOMA

    error          desplazar e ir al estado 55
    ABRIRCORCH     desplazar e ir al estado 56
    ABRIRPARENT    desplazar e ir al estado 57
    MASMAS         desplazar e ir al estado 58
    MASMENOS       desplazar e ir al estado 59
    VERDFALS       desplazar e ir al estado 60
    T_CARACTER     desplazar e ir al estado 61
    IDENTIFICADOR  desplazar e ir al estado 63
    T_ENTERO       desplazar e ir al estado 64
    T_REAL         desplazar e ir al estado 65
    UNARIOSLISTA   desplazar e ir al estado 66
    EXCLAMACION    desplazar e ir al estado 67
    MENOSMENOS     desplazar e ir al estado 68

    CERRARPARENT  reduce usando la regla 84 (lista_expresiones)
    COMA          reduce usando la regla 84 (lista_expresiones)

    expresion          ir al estado 152
    error_expresion    ir al estado 72
    lista_expresiones  ir al estado 153
    lista              ir al estado 73
    lista_enteros      ir al estado 74
    lista_reales       ir al estado 75
    lista_booleanos    ir al estado 76
    lista_caracteres   ir al estado 77


Estado 124

   28 Identificadores: Identificadores COMA IDENTIFICADOR .

    $default  reduce usando la regla 28 (Identificadores)


Estado 125

   13 Cabecera_subprograma: PROCED IDENTIFICADOR $@2 ABRIRPARENT . parametros CERRARPARENT

    DEFLIST  desplazar e ir al estado 17
    TIPO     desplazar e ir al estado 18

    $default  reduce usando la regla 18 (parametros)

    parametros  ir al estado 154
    parametro   ir al estado 155
    tipo        ir al estado 156
    tipo_lista  ir al estado 23


Estado 126

   43 sentencia_if: CONDSI ABRIRPARENT expresion CERRARPARENT . Sentencia
   44             | CONDSI ABRIRPARENT expresion CERRARPARENT . Sentencia CONDSINO Sentencia

    ABRIRLLAVES    desplazar e ir al estado 6
    CONDSI         desplazar e ir al estado 25
    CONDMIENTRAS   desplazar e ir al estado 26
    LEE            desplazar e ir al estado 27
    ESCRIBE        desplazar e ir al estado 28
    DURANTE        desplazar e ir al estado 29
    IDENTIFICADOR  desplazar e ir al estado 30

    bloque                ir al estado 31
    Inicio_de_bloque      ir al estado 8
    Sentencia             ir al estado 157
    sentencia_asignacion  ir al estado 36
    sentencia_if          ir al estado 37
    sentencia_while       ir al estado 38
    sentencia_entrada     ir al estado 39
    sentencia_salida      ir al estado 40
    llamada_proced        ir al estado 41
    sentencia_for         ir al estado 42


Estado 127

   45 sentencia_while: CONDMIENTRAS ABRIRPARENT expresion CERRARPARENT . Sentencia

    ABRIRLLAVES    desplazar e ir al estado 6
    CONDSI         desplazar e ir al estado 25
    CONDMIENTRAS   desplazar e ir al estado 26
    LEE            desplazar e ir al estado 27
    ESCRIBE        desplazar e ir al estado 28
    DURANTE        desplazar e ir al estado 29
    IDENTIFICADOR  desplazar e ir al estado 30

    bloque                ir al estado 31
    Inicio_de_bloque      ir al estado 8
    Sentencia             ir al estado 158
    sentencia_asignacion  ir al estado 36
    sentencia_if          ir al estado 37
    sentencia_while       ir al estado 38
    sentencia_entrada     ir al estado 39
    sentencia_salida      ir al estado 40
    llamada_proced        ir al estado 41
    sentencia_for         ir al estado 42


Estado 128

   89 lista_enteros: ABRIRCORCH Enteros CERRARCORCH .

    $default  reduce usando la regla 89 (lista_enteros)


Estado 129

   91 Enteros: Enteros COMA . T_ENTERO

    T_ENTERO  desplazar e ir al estado 159


Estado 130

   92 lista_reales: ABRIRCORCH Reales CERRARCORCH .

    $default  reduce usando la regla 92 (lista_reales)


Estado 131

   94 Reales: Reales COMA . T_REAL

    T_REAL  desplazar e ir al estado 160


Estado 132

   95 lista_booleanos: ABRIRCORCH Booleanos CERRARCORCH .

    $default  reduce usando la regla 95 (lista_booleanos)


Estado 133

   97 Booleanos: Booleanos COMA . VERDFALS

    VERDFALS  desplazar e ir al estado 161


Estado 134

   98 lista_caracteres: ABRIRCORCH Caracteres CERRARCORCH .

    $default  reduce usando la regla 98 (lista_caracteres)


Estado 135

  100 Caracteres: Caracteres COMA . T_CARACTER

    T_CARACTER  desplazar e ir al estado 162


Estado 136

   55 expresion: ABRIRPARENT expresion CERRARPARENT .

    $default  reduce usando la regla 55 (expresion)


Estado 137

   51 lista_expresiones_o_cadena: lista_expresiones_o_cadena COMA expcad .

    $default  reduce usando la regla 51 (lista_expresiones_o_cadena)


Estado 138

   61 expresion: expresion . AVANRETRO
   62          | expresion . MULMUL expresion
   63          | expresion . MULTIDIV expresion
   64          | expresion . LOGAND expresion
   65          | expresion . EXOR expresion
   66          | expresion . ORBIT expresion
   67          | expresion . LOGOR expresion
   68          | expresion . REL expresion
   69          | expresion . IGUALDAD expresion
   70          | expresion . PORCENTAJE expresion
   71          | expresion . ANDBIT expresion
   72          | expresion . MASMENOS expresion
   73          | expresion . MASMAS expresion ARROBA expresion
   73          | expresion MASMAS expresion . ARROBA expresion

    MASMAS      desplazar e ir al estado 108
    MASMENOS    desplazar e ir al estado 109
    LOGOR       desplazar e ir al estado 110
    LOGAND      desplazar e ir al estado 111
    ORBIT       desplazar e ir al estado 112
    EXOR        desplazar e ir al estado 113
    ANDBIT      desplazar e ir al estado 114
    IGUALDAD    desplazar e ir al estado 115
    REL         desplazar e ir al estado 116
    MULTIDIV    desplazar e ir al estado 117
    PORCENTAJE  desplazar e ir al estado 118
    MULMUL      desplazar e ir al estado 119
    AVANRETRO   desplazar e ir al estado 120
    ARROBA      desplazar e ir al estado 163


Estado 139

   61 expresion: expresion . AVANRETRO
   62          | expresion . MULMUL expresion
   63          | expresion . MULTIDIV expresion
   64          | expresion . LOGAND expresion
   65          | expresion . EXOR expresion
   66          | expresion . ORBIT expresion
   67          | expresion . LOGOR expresion
   68          | expresion . REL expresion
   69          | expresion . IGUALDAD expresion
   70          | expresion . PORCENTAJE expresion
   71          | expresion . ANDBIT expresion
   72          | expresion . MASMENOS expresion
   72          | expresion MASMENOS expresion .
   73          | expresion . MASMAS expresion ARROBA expresion

    MASMAS      desplazar e ir al estado 108
    MULTIDIV    desplazar e ir al estado 117
    PORCENTAJE  desplazar e ir al estado 118
    MULMUL      desplazar e ir al estado 119
    AVANRETRO   desplazar e ir al estado 120

    $default  reduce usando la regla 72 (expresion)


Estado 140

   61 expresion: expresion . AVANRETRO
   62          | expresion . MULMUL expresion
   63          | expresion . MULTIDIV expresion
   64          | expresion . LOGAND expresion
   65          | expresion . EXOR expresion
   66          | expresion . ORBIT expresion
   67          | expresion . LOGOR expresion
   67          | expresion LOGOR expresion .
   68          | expresion . REL expresion
   69          | expresion . IGUALDAD expresion
   70          | expresion . PORCENTAJE expresion
   71          | expresion . ANDBIT expresion
   72          | expresion . MASMENOS expresion
   73          | expresion . MASMAS expresion ARROBA expresion

    MASMAS      desplazar e ir al estado 108
    MASMENOS    desplazar e ir al estado 109
    LOGAND      desplazar e ir al estado 111
    ORBIT       desplazar e ir al estado 112
    EXOR        desplazar e ir al estado 113
    ANDBIT      desplazar e ir al estado 114
    IGUALDAD    desplazar e ir al estado 115
    REL         desplazar e ir al estado 116
    MULTIDIV    desplazar e ir al estado 117
    PORCENTAJE  desplazar e ir al estado 118
    MULMUL      desplazar e ir al estado 119
    AVANRETRO   desplazar e ir al estado 120

    $default  reduce usando la regla 67 (expresion)


Estado 141

   61 expresion: expresion . AVANRETRO
   62          | expresion . MULMUL expresion
   63          | expresion . MULTIDIV expresion
   64          | expresion . LOGAND expresion
   64          | expresion LOGAND expresion .
   65          | expresion . EXOR expresion
   66          | expresion . ORBIT expresion
   67          | expresion . LOGOR expresion
   68          | expresion . REL expresion
   69          | expresion . IGUALDAD expresion
   70          | expresion . PORCENTAJE expresion
   71          | expresion . ANDBIT expresion
   72          | expresion . MASMENOS expresion
   73          | expresion . MASMAS expresion ARROBA expresion

    MASMAS      desplazar e ir al estado 108
    MASMENOS    desplazar e ir al estado 109
    ORBIT       desplazar e ir al estado 112
    EXOR        desplazar e ir al estado 113
    ANDBIT      desplazar e ir al estado 114
    IGUALDAD    desplazar e ir al estado 115
    REL         desplazar e ir al estado 116
    MULTIDIV    desplazar e ir al estado 117
    PORCENTAJE  desplazar e ir al estado 118
    MULMUL      desplazar e ir al estado 119
    AVANRETRO   desplazar e ir al estado 120

    $default  reduce usando la regla 64 (expresion)


Estado 142

   61 expresion: expresion . AVANRETRO
   62          | expresion . MULMUL expresion
   63          | expresion . MULTIDIV expresion
   64          | expresion . LOGAND expresion
   65          | expresion . EXOR expresion
   66          | expresion . ORBIT expresion
   66          | expresion ORBIT expresion .
   67          | expresion . LOGOR expresion
   68          | expresion . REL expresion
   69          | expresion . IGUALDAD expresion
   70          | expresion . PORCENTAJE expresion
   71          | expresion . ANDBIT expresion
   72          | expresion . MASMENOS expresion
   73          | expresion . MASMAS expresion ARROBA expresion

    MASMAS      desplazar e ir al estado 108
    MASMENOS    desplazar e ir al estado 109
    EXOR        desplazar e ir al estado 113
    ANDBIT      desplazar e ir al estado 114
    IGUALDAD    desplazar e ir al estado 115
    REL         desplazar e ir al estado 116
    MULTIDIV    desplazar e ir al estado 117
    PORCENTAJE  desplazar e ir al estado 118
    MULMUL      desplazar e ir al estado 119
    AVANRETRO   desplazar e ir al estado 120

    $default  reduce usando la regla 66 (expresion)


Estado 143

   61 expresion: expresion . AVANRETRO
   62          | expresion . MULMUL expresion
   63          | expresion . MULTIDIV expresion
   64          | expresion . LOGAND expresion
   65          | expresion . EXOR expresion
   65          | expresion EXOR expresion .
   66          | expresion . ORBIT expresion
   67          | expresion . LOGOR expresion
   68          | expresion . REL expresion
   69          | expresion . IGUALDAD expresion
   70          | expresion . PORCENTAJE expresion
   71          | expresion . ANDBIT expresion
   72          | expresion . MASMENOS expresion
   73          | expresion . MASMAS expresion ARROBA expresion

    MASMAS      desplazar e ir al estado 108
    MASMENOS    desplazar e ir al estado 109
    ANDBIT      desplazar e ir al estado 114
    IGUALDAD    desplazar e ir al estado 115
    REL         desplazar e ir al estado 116
    MULTIDIV    desplazar e ir al estado 117
    PORCENTAJE  desplazar e ir al estado 118
    MULMUL      desplazar e ir al estado 119
    AVANRETRO   desplazar e ir al estado 120

    $default  reduce usando la regla 65 (expresion)


Estado 144

   61 expresion: expresion . AVANRETRO
   62          | expresion . MULMUL expresion
   63          | expresion . MULTIDIV expresion
   64          | expresion . LOGAND expresion
   65          | expresion . EXOR expresion
   66          | expresion . ORBIT expresion
   67          | expresion . LOGOR expresion
   68          | expresion . REL expresion
   69          | expresion . IGUALDAD expresion
   70          | expresion . PORCENTAJE expresion
   71          | expresion . ANDBIT expresion
   71          | expresion ANDBIT expresion .
   72          | expresion . MASMENOS expresion
   73          | expresion . MASMAS expresion ARROBA expresion

    MASMAS      desplazar e ir al estado 108
    MASMENOS    desplazar e ir al estado 109
    IGUALDAD    desplazar e ir al estado 115
    REL         desplazar e ir al estado 116
    MULTIDIV    desplazar e ir al estado 117
    PORCENTAJE  desplazar e ir al estado 118
    MULMUL      desplazar e ir al estado 119
    AVANRETRO   desplazar e ir al estado 120

    $default  reduce usando la regla 71 (expresion)


Estado 145

   61 expresion: expresion . AVANRETRO
   62          | expresion . MULMUL expresion
   63          | expresion . MULTIDIV expresion
   64          | expresion . LOGAND expresion
   65          | expresion . EXOR expresion
   66          | expresion . ORBIT expresion
   67          | expresion . LOGOR expresion
   68          | expresion . REL expresion
   69          | expresion . IGUALDAD expresion
   69          | expresion IGUALDAD expresion .
   70          | expresion . PORCENTAJE expresion
   71          | expresion . ANDBIT expresion
   72          | expresion . MASMENOS expresion
   73          | expresion . MASMAS expresion ARROBA expresion

    MASMAS      desplazar e ir al estado 108
    MASMENOS    desplazar e ir al estado 109
    REL         desplazar e ir al estado 116
    MULTIDIV    desplazar e ir al estado 117
    PORCENTAJE  desplazar e ir al estado 118
    MULMUL      desplazar e ir al estado 119
    AVANRETRO   desplazar e ir al estado 120

    $default  reduce usando la regla 69 (expresion)


Estado 146

   61 expresion: expresion . AVANRETRO
   62          | expresion . MULMUL expresion
   63          | expresion . MULTIDIV expresion
   64          | expresion . LOGAND expresion
   65          | expresion . EXOR expresion
   66          | expresion . ORBIT expresion
   67          | expresion . LOGOR expresion
   68          | expresion . REL expresion
   68          | expresion REL expresion .
   69          | expresion . IGUALDAD expresion
   70          | expresion . PORCENTAJE expresion
   71          | expresion . ANDBIT expresion
   72          | expresion . MASMENOS expresion
   73          | expresion . MASMAS expresion ARROBA expresion

    MASMAS      desplazar e ir al estado 108
    MASMENOS    desplazar e ir al estado 109
    MULTIDIV    desplazar e ir al estado 117
    PORCENTAJE  desplazar e ir al estado 118
    MULMUL      desplazar e ir al estado 119
    AVANRETRO   desplazar e ir al estado 120

    $default  reduce usando la regla 68 (expresion)


Estado 147

   61 expresion: expresion . AVANRETRO
   62          | expresion . MULMUL expresion
   63          | expresion . MULTIDIV expresion
   63          | expresion MULTIDIV expresion .
   64          | expresion . LOGAND expresion
   65          | expresion . EXOR expresion
   66          | expresion . ORBIT expresion
   67          | expresion . LOGOR expresion
   68          | expresion . REL expresion
   69          | expresion . IGUALDAD expresion
   70          | expresion . PORCENTAJE expresion
   71          | expresion . ANDBIT expresion
   72          | expresion . MASMENOS expresion
   73          | expresion . MASMAS expresion ARROBA expresion

    MASMAS     desplazar e ir al estado 108
    MULMUL     desplazar e ir al estado 119
    AVANRETRO  desplazar e ir al estado 120

    $default  reduce usando la regla 63 (expresion)


Estado 148

   61 expresion: expresion . AVANRETRO
   62          | expresion . MULMUL expresion
   63          | expresion . MULTIDIV expresion
   64          | expresion . LOGAND expresion
   65          | expresion . EXOR expresion
   66          | expresion . ORBIT expresion
   67          | expresion . LOGOR expresion
   68          | expresion . REL expresion
   69          | expresion . IGUALDAD expresion
   70          | expresion . PORCENTAJE expresion
   70          | expresion PORCENTAJE expresion .
   71          | expresion . ANDBIT expresion
   72          | expresion . MASMENOS expresion
   73          | expresion . MASMAS expresion ARROBA expresion

    MASMAS     desplazar e ir al estado 108
    MULMUL     desplazar e ir al estado 119
    AVANRETRO  desplazar e ir al estado 120

    $default  reduce usando la regla 70 (expresion)


Estado 149

   61 expresion: expresion . AVANRETRO
   62          | expresion . MULMUL expresion
   62          | expresion MULMUL expresion .
   63          | expresion . MULTIDIV expresion
   64          | expresion . LOGAND expresion
   65          | expresion . EXOR expresion
   66          | expresion . ORBIT expresion
   67          | expresion . LOGOR expresion
   68          | expresion . REL expresion
   69          | expresion . IGUALDAD expresion
   70          | expresion . PORCENTAJE expresion
   71          | expresion . ANDBIT expresion
   72          | expresion . MASMENOS expresion
   73          | expresion . MASMAS expresion ARROBA expresion

    MULMUL     desplazar e ir al estado 119
    AVANRETRO  desplazar e ir al estado 120

    $default  reduce usando la regla 62 (expresion)


Estado 150

   54 sentencia_for: DURANTE IDENTIFICADOR DOSPUNTOSIGUAL expresion . HASTA expresion HACER Sentencia
   61 expresion: expresion . AVANRETRO
   62          | expresion . MULMUL expresion
   63          | expresion . MULTIDIV expresion
   64          | expresion . LOGAND expresion
   65          | expresion . EXOR expresion
   66          | expresion . ORBIT expresion
   67          | expresion . LOGOR expresion
   68          | expresion . REL expresion
   69          | expresion . IGUALDAD expresion
   70          | expresion . PORCENTAJE expresion
   71          | expresion . ANDBIT expresion
   72          | expresion . MASMENOS expresion
   73          | expresion . MASMAS expresion ARROBA expresion

    MASMAS      desplazar e ir al estado 108
    MASMENOS    desplazar e ir al estado 109
    HASTA       desplazar e ir al estado 164
    LOGOR       desplazar e ir al estado 110
    LOGAND      desplazar e ir al estado 111
    ORBIT       desplazar e ir al estado 112
    EXOR        desplazar e ir al estado 113
    ANDBIT      desplazar e ir al estado 114
    IGUALDAD    desplazar e ir al estado 115
    REL         desplazar e ir al estado 116
    MULTIDIV    desplazar e ir al estado 117
    PORCENTAJE  desplazar e ir al estado 118
    MULMUL      desplazar e ir al estado 119
    AVANRETRO   desplazar e ir al estado 120


Estado 151

   42 sentencia_asignacion: IDENTIFICADOR ASIG expresion PUNTOCOMA .

    $default  reduce usando la regla 42 (sentencia_asignacion)


Estado 152

   61 expresion: expresion . AVANRETRO
   62          | expresion . MULMUL expresion
   63          | expresion . MULTIDIV expresion
   64          | expresion . LOGAND expresion
   65          | expresion . EXOR expresion
   66          | expresion . ORBIT expresion
   67          | expresion . LOGOR expresion
   68          | expresion . REL expresion
   69          | expresion . IGUALDAD expresion
   70          | expresion . PORCENTAJE expresion
   71          | expresion . ANDBIT expresion
   72          | expresion . MASMENOS expresion
   73          | expresion . MASMAS expresion ARROBA expresion
   83 lista_expresiones: expresion .

    MASMAS      desplazar e ir al estado 108
    MASMENOS    desplazar e ir al estado 109
    LOGOR       desplazar e ir al estado 110
    LOGAND      desplazar e ir al estado 111
    ORBIT       desplazar e ir al estado 112
    EXOR        desplazar e ir al estado 113
    ANDBIT      desplazar e ir al estado 114
    IGUALDAD    desplazar e ir al estado 115
    REL         desplazar e ir al estado 116
    MULTIDIV    desplazar e ir al estado 117
    PORCENTAJE  desplazar e ir al estado 118
    MULMUL      desplazar e ir al estado 119
    AVANRETRO   desplazar e ir al estado 120

    $default  reduce usando la regla 83 (lista_expresiones)


Estado 153

   53 llamada_proced: IDENTIFICADOR $@3 ABRIRPARENT lista_expresiones . CERRARPARENT PUNTOCOMA
   82 lista_expresiones: lista_expresiones . COMA expresion

    CERRARPARENT  desplazar e ir al estado 165
    COMA          desplazar e ir al estado 166


Estado 154

   13 Cabecera_subprograma: PROCED IDENTIFICADOR $@2 ABRIRPARENT parametros . CERRARPARENT
   17 parametros: parametros . COMA parametro

    CERRARPARENT  desplazar e ir al estado 167
    COMA          desplazar e ir al estado 168


Estado 155

   16 parametros: parametro .

    $default  reduce usando la regla 16 (parametros)


Estado 156

   19 parametro: tipo . IDENTIFICADOR

    IDENTIFICADOR  desplazar e ir al estado 169


Estado 157

   43 sentencia_if: CONDSI ABRIRPARENT expresion CERRARPARENT Sentencia .
   44             | CONDSI ABRIRPARENT expresion CERRARPARENT Sentencia . CONDSINO Sentencia

    CONDSINO  desplazar e ir al estado 170

    CONDSINO  [reduce usando la regla 43 (sentencia_if)]
    $default  reduce usando la regla 43 (sentencia_if)


Estado 158

   45 sentencia_while: CONDMIENTRAS ABRIRPARENT expresion CERRARPARENT Sentencia .

    $default  reduce usando la regla 45 (sentencia_while)


Estado 159

   91 Enteros: Enteros COMA T_ENTERO .

    $default  reduce usando la regla 91 (Enteros)


Estado 160

   94 Reales: Reales COMA T_REAL .

    $default  reduce usando la regla 94 (Reales)


Estado 161

   97 Booleanos: Booleanos COMA VERDFALS .

    $default  reduce usando la regla 97 (Booleanos)


Estado 162

  100 Caracteres: Caracteres COMA T_CARACTER .

    $default  reduce usando la regla 100 (Caracteres)


Estado 163

   73 expresion: expresion MASMAS expresion ARROBA . expresion

    error          desplazar e ir al estado 55
    ABRIRCORCH     desplazar e ir al estado 56
    ABRIRPARENT    desplazar e ir al estado 57
    MASMAS         desplazar e ir al estado 58
    MASMENOS       desplazar e ir al estado 59
    VERDFALS       desplazar e ir al estado 60
    T_CARACTER     desplazar e ir al estado 61
    IDENTIFICADOR  desplazar e ir al estado 63
    T_ENTERO       desplazar e ir al estado 64
    T_REAL         desplazar e ir al estado 65
    UNARIOSLISTA   desplazar e ir al estado 66
    EXCLAMACION    desplazar e ir al estado 67
    MENOSMENOS     desplazar e ir al estado 68

    expresion         ir al estado 171
    error_expresion   ir al estado 72
    lista             ir al estado 73
    lista_enteros     ir al estado 74
    lista_reales      ir al estado 75
    lista_booleanos   ir al estado 76
    lista_caracteres  ir al estado 77


Estado 164

   54 sentencia_for: DURANTE IDENTIFICADOR DOSPUNTOSIGUAL expresion HASTA . expresion HACER Sentencia

    error          desplazar e ir al estado 55
    ABRIRCORCH     desplazar e ir al estado 56
    ABRIRPARENT    desplazar e ir al estado 57
    MASMAS         desplazar e ir al estado 58
    MASMENOS       desplazar e ir al estado 59
    VERDFALS       desplazar e ir al estado 60
    T_CARACTER     desplazar e ir al estado 61
    IDENTIFICADOR  desplazar e ir al estado 63
    T_ENTERO       desplazar e ir al estado 64
    T_REAL         desplazar e ir al estado 65
    UNARIOSLISTA   desplazar e ir al estado 66
    EXCLAMACION    desplazar e ir al estado 67
    MENOSMENOS     desplazar e ir al estado 68

    expresion         ir al estado 172
    error_expresion   ir al estado 72
    lista             ir al estado 73
    lista_enteros     ir al estado 74
    lista_reales      ir al estado 75
    lista_booleanos   ir al estado 76
    lista_caracteres  ir al estado 77


Estado 165

   53 llamada_proced: IDENTIFICADOR $@3 ABRIRPARENT lista_expresiones CERRARPARENT . PUNTOCOMA

    PUNTOCOMA  desplazar e ir al estado 173


Estado 166

   82 lista_expresiones: lista_expresiones COMA . expresion

    error          desplazar e ir al estado 55
    ABRIRCORCH     desplazar e ir al estado 56
    ABRIRPARENT    desplazar e ir al estado 57
    MASMAS         desplazar e ir al estado 58
    MASMENOS       desplazar e ir al estado 59
    VERDFALS       desplazar e ir al estado 60
    T_CARACTER     desplazar e ir al estado 61
    IDENTIFICADOR  desplazar e ir al estado 63
    T_ENTERO       desplazar e ir al estado 64
    T_REAL         desplazar e ir al estado 65
    UNARIOSLISTA   desplazar e ir al estado 66
    EXCLAMACION    desplazar e ir al estado 67
    MENOSMENOS     desplazar e ir al estado 68

    expresion         ir al estado 174
    error_expresion   ir al estado 72
    lista             ir al estado 73
    lista_enteros     ir al estado 74
    lista_reales      ir al estado 75
    lista_booleanos   ir al estado 76
    lista_caracteres  ir al estado 77


Estado 167

   13 Cabecera_subprograma: PROCED IDENTIFICADOR $@2 ABRIRPARENT parametros CERRARPARENT .

    $default  reduce usando la regla 13 (Cabecera_subprograma)


Estado 168

   17 parametros: parametros COMA . parametro

    DEFLIST  desplazar e ir al estado 17
    TIPO     desplazar e ir al estado 18

    parametro   ir al estado 175
    tipo        ir al estado 156
    tipo_lista  ir al estado 23


Estado 169

   19 parametro: tipo IDENTIFICADOR .

    $default  reduce usando la regla 19 (parametro)


Estado 170

   44 sentencia_if: CONDSI ABRIRPARENT expresion CERRARPARENT Sentencia CONDSINO . Sentencia

    ABRIRLLAVES    desplazar e ir al estado 6
    CONDSI         desplazar e ir al estado 25
    CONDMIENTRAS   desplazar e ir al estado 26
    LEE            desplazar e ir al estado 27
    ESCRIBE        desplazar e ir al estado 28
    DURANTE        desplazar e ir al estado 29
    IDENTIFICADOR  desplazar e ir al estado 30

    bloque                ir al estado 31
    Inicio_de_bloque      ir al estado 8
    Sentencia             ir al estado 176
    sentencia_asignacion  ir al estado 36
    sentencia_if          ir al estado 37
    sentencia_while       ir al estado 38
    sentencia_entrada     ir al estado 39
    sentencia_salida      ir al estado 40
    llamada_proced        ir al estado 41
    sentencia_for         ir al estado 42


Estado 171

   61 expresion: expresion . AVANRETRO
   62          | expresion . MULMUL expresion
   63          | expresion . MULTIDIV expresion
   64          | expresion . LOGAND expresion
   65          | expresion . EXOR expresion
   66          | expresion . ORBIT expresion
   67          | expresion . LOGOR expresion
   68          | expresion . REL expresion
   69          | expresion . IGUALDAD expresion
   70          | expresion . PORCENTAJE expresion
   71          | expresion . ANDBIT expresion
   72          | expresion . MASMENOS expresion
   73          | expresion . MASMAS expresion ARROBA expresion
   73          | expresion MASMAS expresion ARROBA expresion .

    $default  reduce usando la regla 73 (expresion)


Estado 172

   54 sentencia_for: DURANTE IDENTIFICADOR DOSPUNTOSIGUAL expresion HASTA expresion . HACER Sentencia
   61 expresion: expresion . AVANRETRO
   62          | expresion . MULMUL expresion
   63          | expresion . MULTIDIV expresion
   64          | expresion . LOGAND expresion
   65          | expresion . EXOR expresion
   66          | expresion . ORBIT expresion
   67          | expresion . LOGOR expresion
   68          | expresion . REL expresion
   69          | expresion . IGUALDAD expresion
   70          | expresion . PORCENTAJE expresion
   71          | expresion . ANDBIT expresion
   72          | expresion . MASMENOS expresion
   73          | expresion . MASMAS expresion ARROBA expresion

    MASMAS      desplazar e ir al estado 108
    MASMENOS    desplazar e ir al estado 109
    HACER       desplazar e ir al estado 177
    LOGOR       desplazar e ir al estado 110
    LOGAND      desplazar e ir al estado 111
    ORBIT       desplazar e ir al estado 112
    EXOR        desplazar e ir al estado 113
    ANDBIT      desplazar e ir al estado 114
    IGUALDAD    desplazar e ir al estado 115
    REL         desplazar e ir al estado 116
    MULTIDIV    desplazar e ir al estado 117
    PORCENTAJE  desplazar e ir al estado 118
    MULMUL      desplazar e ir al estado 119
    AVANRETRO   desplazar e ir al estado 120


Estado 173

   53 llamada_proced: IDENTIFICADOR $@3 ABRIRPARENT lista_expresiones CERRARPARENT PUNTOCOMA .

    $default  reduce usando la regla 53 (llamada_proced)


Estado 174

   61 expresion: expresion . AVANRETRO
   62          | expresion . MULMUL expresion
   63          | expresion . MULTIDIV expresion
   64          | expresion . LOGAND expresion
   65          | expresion . EXOR expresion
   66          | expresion . ORBIT expresion
   67          | expresion . LOGOR expresion
   68          | expresion . REL expresion
   69          | expresion . IGUALDAD expresion
   70          | expresion . PORCENTAJE expresion
   71          | expresion . ANDBIT expresion
   72          | expresion . MASMENOS expresion
   73          | expresion . MASMAS expresion ARROBA expresion
   82 lista_expresiones: lista_expresiones COMA expresion .

    MASMAS      desplazar e ir al estado 108
    MASMENOS    desplazar e ir al estado 109
    LOGOR       desplazar e ir al estado 110
    LOGAND      desplazar e ir al estado 111
    ORBIT       desplazar e ir al estado 112
    EXOR        desplazar e ir al estado 113
    ANDBIT      desplazar e ir al estado 114
    IGUALDAD    desplazar e ir al estado 115
    REL         desplazar e ir al estado 116
    MULTIDIV    desplazar e ir al estado 117
    PORCENTAJE  desplazar e ir al estado 118
    MULMUL      desplazar e ir al estado 119
    AVANRETRO   desplazar e ir al estado 120

    $default  reduce usando la regla 82 (lista_expresiones)


Estado 175

   17 parametros: parametros COMA parametro .

    $default  reduce usando la regla 17 (parametros)


Estado 176

   44 sentencia_if: CONDSI ABRIRPARENT expresion CERRARPARENT Sentencia CONDSINO Sentencia .

    $default  reduce usando la regla 44 (sentencia_if)


Estado 177

   54 sentencia_for: DURANTE IDENTIFICADOR DOSPUNTOSIGUAL expresion HASTA expresion HACER . Sentencia

    ABRIRLLAVES    desplazar e ir al estado 6
    CONDSI         desplazar e ir al estado 25
    CONDMIENTRAS   desplazar e ir al estado 26
    LEE            desplazar e ir al estado 27
    ESCRIBE        desplazar e ir al estado 28
    DURANTE        desplazar e ir al estado 29
    IDENTIFICADOR  desplazar e ir al estado 30

    bloque                ir al estado 31
    Inicio_de_bloque      ir al estado 8
    Sentencia             ir al estado 178
    sentencia_asignacion  ir al estado 36
    sentencia_if          ir al estado 37
    sentencia_while       ir al estado 38
    sentencia_entrada     ir al estado 39
    sentencia_salida      ir al estado 40
    llamada_proced        ir al estado 41
    sentencia_for         ir al estado 42


Estado 178

   54 sentencia_for: DURANTE IDENTIFICADOR DOSPUNTOSIGUAL expresion HASTA expresion HACER Sentencia .

    $default  reduce usando la regla 54 (sentencia_for)
